<?xml version="1.0" encoding="UTF-8"?>
<!-- Generated by org.testng.reporters.JUnitReportReporter -->
<testsuite skipped="2" hostname="Muralis-MacBook-Pro.local" name="com.stem.qa.automation.restapi.tests.OMDbEndpointsTester" tests="3" failures="0" timestamp="18 May 2018 18:41:47 GMT" time="1.190" errors="0">
  <testcase name="testAllMovieDetailsByTitleString" time="1.190" classname="com.stem.qa.automation.restapi.tests.OMDbEndpointsTester"/>
  <testcase name="testSearchMovieDetailsEndpointByTitle" classname="com.stem.qa.automation.restapi.tests.OMDbEndpointsTester">
    <skipped/>
  </testcase> <!-- testSearchMovieDetailsEndpointByTitle -->
  <testcase name="testSearchMovieDetailsEndpointByIMDBId" classname="com.stem.qa.automation.restapi.tests.OMDbEndpointsTester">
    <skipped/>
  </testcase> <!-- testSearchMovieDetailsEndpointByIMDBId -->
</testsuite> <!-- com.stem.qa.automation.restapi.tests.OMDbEndpointsTester -->
