<?xml version="1.0" encoding="UTF-8"?>
<!-- Generated by org.testng.reporters.JUnitReportReporter -->
<testsuite skipped="0" hostname="Muralis-MBP.attlocal.net" name="com.stem.qa.automation.util.TestUtil" tests="1" failures="0" timestamp="20 May 2018 05:01:19 GMT" time="1.888" errors="0">
  <testcase name="test" time="1.888" classname="com.stem.qa.automation.util.TestUtil"/>
</testsuite> <!-- com.stem.qa.automation.util.TestUtil -->
