<?xml version="1.0" encoding="UTF-8"?>
<!-- Generated by org.testng.reporters.JUnitReportReporter -->
<testsuite skipped="2" hostname="Muralis-MBP.attlocal.net" name="com.stem.qa.automation.restapi.tests.OMDbEndpointsTester" tests="3" failures="0" timestamp="18 May 2018 03:58:50 GMT" time="2.037" errors="0">
  <testcase name="testPeopleEndpointBySearchParameter" time="2.037" classname="com.stem.qa.automation.restapi.tests.OMDbEndpointsTester"/>
  <testcase name="testHomeworldEndpoint" classname="com.stem.qa.automation.restapi.tests.OMDbEndpointsTester">
    <skipped/>
  </testcase> <!-- testHomeworldEndpoint -->
  <testcase name="testFilmsEndpoint" classname="com.stem.qa.automation.restapi.tests.OMDbEndpointsTester">
    <skipped/>
  </testcase> <!-- testFilmsEndpoint -->
</testsuite> <!-- com.stem.qa.automation.restapi.tests.OMDbEndpointsTester -->
